# JRE version: Java(TM) SE Runtime Environment (17.0.12+8) (build 17.0.12+8-LTS-286)
# Java VM: Java HotSpot(TM) 64-Bit Server VM (17.0.12+8-LTS-286, mixed mode, emulated-client, sharing, tiered, compressed oops, compressed class ptrs, g1 gc, windows-amd64)
GC Precious Log:
 CPUs: 2 total, 2 available
 Memory: 3918M
 Large Page Support: Disabled
 NUMA Support: Disabled
 Compressed Oops: Enabled (32-bit)
 Heap Region Size: 1M
 Heap Min Capacity: 8M
 Heap Initial Capacity: 62M
 Heap Max Capacity: 980M
 Pre-touch: Disabled
 Parallel Workers: 2
 Concurrent Workers: 1
 Concurrent Refinement Workers: 2
 Periodic GC: Disabled
Heap:
 garbage-first heap   total 78848K, used 52540K [0x00000000c2c00000, 0x0000000100000000)
  region size 1024K, 2 young (2048K), 2 survivors (2048K)
 Metaspace       used 20246K, committed 20928K, reserved 1114112K
  class space    used 2852K, committed 3200K, reserved 1048576K
GC Heap History (20 events):
Event: 51.565 GC heap after
{Heap after GC invocations=8 (full 0):
 garbage-first heap   total 63488K, used 34729K [0x00000000c2c00000, 0x0000000100000000)
  region size 1024K, 2 young (2048K), 2 survivors (2048K)
 Metaspace       used 7228K, committed 7488K, reserved 1114112K
  class space    used 955K, committed 1088K, reserved 1048576K
}
Event: 52.828 GC heap before
{Heap before GC invocations=9 (full 0):
 garbage-first heap   total 63488K, used 48041K [0x00000000c2c00000, 0x0000000100000000)
  region size 1024K, 15 young (15360K), 2 survivors (2048K)
 Metaspace       used 8927K, committed 9344K, reserved 1114112K
  class space    used 1206K, committed 1408K, reserved 1048576K
}
Event: 52.850 GC heap after
{Heap after GC invocations=10 (full 0):
 garbage-first heap   total 63488K, used 35513K [0x00000000c2c00000, 0x0000000100000000)
  region size 1024K, 1 young (1024K), 1 survivors (1024K)
 Metaspace       used 8927K, committed 9344K, reserved 1114112K
  class space    used 1206K, committed 1408K, reserved 1048576K
}
Event: 53.517 GC heap before
{Heap before GC invocations=10 (full 0):
 garbage-first heap   total 63488K, used 49849K [0x00000000c2c00000, 0x0000000100000000)
  region size 1024K, 15 young (15360K), 1 survivors (1024K)
 Metaspace       used 10456K, committed 10880K, reserved 1114112K
  class space    used 1390K, committed 1600K, reserved 1048576K
}
Event: 53.527 GC heap after
{Heap after GC invocations=11 (full 0):
 garbage-first heap   total 76800K, used 36008K [0x00000000c2c00000, 0x0000000100000000)
  region size 1024K, 2 young (2048K), 2 survivors (2048K)
 Metaspace       used 10456K, committed 10880K, reserved 1114112K
  class space    used 1390K, committed 1600K, reserved 1048576K
}
Event: 55.670 GC heap before
{Heap before GC invocations=12 (full 0):
 garbage-first heap   total 76800K, used 56488K [0x00000000c2c00000, 0x0000000100000000)
  region size 1024K, 23 young (23552K), 2 survivors (2048K)
 Metaspace       used 13363K, committed 13696K, reserved 1114112K
  class space    used 1768K, committed 1920K, reserved 1048576K
}
Event: 55.691 GC heap after
{Heap after GC invocations=13 (full 0):
 garbage-first heap   total 76800K, used 37577K [0x00000000c2c00000, 0x0000000100000000)
  region size 1024K, 3 young (3072K), 3 survivors (3072K)
 Metaspace       used 13363K, committed 13696K, reserved 1114112K
  class space    used 1768K, committed 1920K, reserved 1048576K
}
Event: 56.630 GC heap before
{Heap before GC invocations=13 (full 0):
 garbage-first heap   total 76800K, used 59081K [0x00000000c2c00000, 0x0000000100000000)
  region size 1024K, 24 young (24576K), 3 survivors (3072K)
 Metaspace       used 14690K, committed 15104K, reserved 1114112K
  class space    used 2000K, committed 2176K, reserved 1048576K
}
Event: 56.653 GC heap after
{Heap after GC invocations=14 (full 0):
 garbage-first heap   total 76800K, used 40141K [0x00000000c2c00000, 0x0000000100000000)
  region size 1024K, 3 young (3072K), 3 survivors (3072K)
 Metaspace       used 14690K, committed 15104K, reserved 1114112K
  class space    used 2000K, committed 2176K, reserved 1048576K
}
Event: 57.876 GC heap before
{Heap before GC invocations=15 (full 0):
 garbage-first heap   total 76800K, used 58573K [0x00000000c2c00000, 0x0000000100000000)
  region size 1024K, 22 young (22528K), 3 survivors (3072K)
 Metaspace       used 16063K, committed 16640K, reserved 1114112K
  class space    used 2236K, committed 2496K, reserved 1048576K
}
Event: 57.893 GC heap after
{Heap after GC invocations=16 (full 0):
 garbage-first heap   total 76800K, used 41757K [0x00000000c2c00000, 0x0000000100000000)
  region size 1024K, 2 young (2048K), 2 survivors (2048K)
 Metaspace       used 16063K, committed 16640K, reserved 1114112K
  class space    used 2236K, committed 2496K, reserved 1048576K
}
Event: 57.906 GC heap before
{Heap before GC invocations=16 (full 0):
 garbage-first heap   total 76800K, used 41757K [0x00000000c2c00000, 0x0000000100000000)
  region size 1024K, 3 young (3072K), 2 survivors (2048K)
 Metaspace       used 16085K, committed 16640K, reserved 1114112K
  class space    used 2237K, committed 2496K, reserved 1048576K
}
Event: 57.920 GC heap after
{Heap after GC invocations=17 (full 0):
 garbage-first heap   total 76800K, used 41543K [0x00000000c2c00000, 0x0000000100000000)
  region size 1024K, 1 young (1024K), 1 survivors (1024K)
 Metaspace       used 16085K, committed 16640K, reserved 1114112K
  class space    used 2237K, committed 2496K, reserved 1048576K
}
Event: 58.368 GC heap before
{Heap before GC invocations=17 (full 0):
 garbage-first heap   total 76800K, used 58951K [0x00000000c2c00000, 0x0000000100000000)
  region size 1024K, 19 young (19456K), 1 survivors (1024K)
 Metaspace       used 17990K, committed 18688K, reserved 1114112K
  class space    used 2529K, committed 2880K, reserved 1048576K
}
Event: 58.378 GC heap after
{Heap after GC invocations=18 (full 0):
 garbage-first heap   total 76800K, used 43082K [0x00000000c2c00000, 0x0000000100000000)
  region size 1024K, 2 young (2048K), 2 survivors (2048K)
 Metaspace       used 17990K, committed 18688K, reserved 1114112K
  class space    used 2529K, committed 2880K, reserved 1048576K
}
Event: 59.551 GC heap before
{Heap before GC invocations=19 (full 0):
 garbage-first heap   total 78848K, used 60490K [0x00000000c2c00000, 0x0000000100000000)
  region size 1024K, 20 young (20480K), 2 survivors (2048K)
 Metaspace       used 19473K, committed 20160K, reserved 1114112K
  class space    used 2741K, committed 3072K, reserved 1048576K
}
Event: 59.579 GC heap after
{Heap after GC invocations=20 (full 0):
 garbage-first heap   total 78848K, used 47265K [0x00000000c2c00000, 0x0000000100000000)
  region size 1024K, 3 young (3072K), 3 survivors (3072K)
 Metaspace       used 19473K, committed 20160K, reserved 1114112K
  class space    used 2741K, committed 3072K, reserved 1048576K
}
Event: 59.648 GC heap before
{Heap before GC invocations=20 (full 0):
 garbage-first heap   total 78848K, used 48289K [0x00000000c2c00000, 0x0000000100000000)
  region size 1024K, 4 young (4096K), 3 survivors (3072K)
 Metaspace       used 19586K, committed 20224K, reserved 1114112K
  class space    used 2765K, committed 3072K, reserved 1048576K
}
Event: 59.671 GC heap after
{Heap after GC invocations=21 (full 0):
 garbage-first heap   total 78848K, used 47298K [0x00000000c2c00000, 0x0000000100000000)
  region size 1024K, 1 young (1024K), 1 survivors (1024K)
 Metaspace       used 19586K, committed 20224K, reserved 1114112K
  class space    used 2765K, committed 3072K, reserved 1048576K
}
Event: 60.161 GC heap before
{Heap before GC invocations=21 (full 0):
 garbage-first heap   total 78848K, used 60610K [0x00000000c2c00000, 0x0000000100000000)
  region size 1024K, 15 young (15360K), 1 survivors (1024K)
 Metaspace       used 20246K, committed 20928K, reserved 1114112K
  class space    used 2852K, committed 3200K, reserved 1048576K
}

