# JRE version: Java(TM) SE Runtime Environment (17.0.12+8) (build 17.0.12+8-LTS-286)
# Java VM: Java HotSpot(TM) 64-Bit Server VM (17.0.12+8-LTS-286, mixed mode, sharing, tiered, compressed oops, compressed class ptrs, g1 gc, windows-amd64)
GC Precious Log:
 CPUs: 2 total, 2 available
 Memory: 3918M
 Large Page Support: Disabled
 NUMA Support: Disabled
 Compressed Oops: Enabled (32-bit)
 Heap Region Size: 1M
 Heap Min Capacity: 8M
 Heap Initial Capacity: 62M
 Heap Max Capacity: 980M
 Pre-touch: Disabled
 Parallel Workers: 2
 Concurrent Workers: 1
 Concurrent Refinement Workers: 2
 Periodic GC: Disabled
Heap:
 garbage-first heap   total 172032K, used 49985K [0x00000000c2c00000, 0x0000000100000000)
  region size 1024K, 4 young (4096K), 1 survivors (1024K)
 Metaspace       used 18010K, committed 18240K, reserved 1114112K
  class space    used 1992K, committed 2112K, reserved 1048576K
GC Heap History (20 events):
Event: 40.428 GC heap before
{Heap before GC invocations=11 (full 0):
 garbage-first heap   total 63488K, used 47337K [0x00000000c2c00000, 0x0000000100000000)
  region size 1024K, 21 young (21504K), 3 survivors (3072K)
 Metaspace       used 17884K, committed 18112K, reserved 1114112K
  class space    used 1991K, committed 2112K, reserved 1048576K
}
Event: 40.440 GC heap after
{Heap after GC invocations=12 (full 0):
 garbage-first heap   total 63488K, used 32768K [0x00000000c2c00000, 0x0000000100000000)
  region size 1024K, 3 young (3072K), 3 survivors (3072K)
 Metaspace       used 17884K, committed 18112K, reserved 1114112K
  class space    used 1991K, committed 2112K, reserved 1048576K
}
Event: 41.793 GC heap before
{Heap before GC invocations=12 (full 0):
 garbage-first heap   total 63488K, used 48128K [0x00000000c2c00000, 0x0000000100000000)
  region size 1024K, 18 young (18432K), 3 survivors (3072K)
 Metaspace       used 17897K, committed 18112K, reserved 1114112K
  class space    used 1991K, committed 2112K, reserved 1048576K
}
Event: 41.806 GC heap after
{Heap after GC invocations=13 (full 0):
 garbage-first heap   total 63488K, used 36816K [0x00000000c2c00000, 0x0000000100000000)
  region size 1024K, 3 young (3072K), 3 survivors (3072K)
 Metaspace       used 17897K, committed 18112K, reserved 1114112K
  class space    used 1991K, committed 2112K, reserved 1048576K
}
Event: 42.511 GC heap before
{Heap before GC invocations=14 (full 0):
 garbage-first heap   total 63488K, used 49104K [0x00000000c2c00000, 0x0000000100000000)
  region size 1024K, 15 young (15360K), 3 survivors (3072K)
 Metaspace       used 17897K, committed 18112K, reserved 1114112K
  class space    used 1991K, committed 2112K, reserved 1048576K
}
Event: 42.522 GC heap after
{Heap after GC invocations=15 (full 0):
 garbage-first heap   total 63488K, used 39271K [0x00000000c2c00000, 0x0000000100000000)
  region size 1024K, 2 young (2048K), 2 survivors (2048K)
 Metaspace       used 17897K, committed 18112K, reserved 1114112K
  class space    used 1991K, committed 2112K, reserved 1048576K
}
Event: 42.534 GC heap before
{Heap before GC invocations=15 (full 0):
 garbage-first heap   total 63488K, used 40295K [0x00000000c2c00000, 0x0000000100000000)
  region size 1024K, 3 young (3072K), 2 survivors (2048K)
 Metaspace       used 17897K, committed 18112K, reserved 1114112K
  class space    used 1991K, committed 2112K, reserved 1048576K
}
Event: 42.538 GC heap after
{Heap after GC invocations=16 (full 0):
 garbage-first heap   total 63488K, used 39317K [0x00000000c2c00000, 0x0000000100000000)
  region size 1024K, 1 young (1024K), 1 survivors (1024K)
 Metaspace       used 17897K, committed 18112K, reserved 1114112K
  class space    used 1991K, committed 2112K, reserved 1048576K
}
Event: 43.427 GC heap before
{Heap before GC invocations=16 (full 0):
 garbage-first heap   total 63488K, used 49557K [0x00000000c2c00000, 0x0000000100000000)
  region size 1024K, 11 young (11264K), 1 survivors (1024K)
 Metaspace       used 17914K, committed 18176K, reserved 1114112K
  class space    used 1992K, committed 2112K, reserved 1048576K
}
Event: 43.431 GC heap after
{Heap after GC invocations=17 (full 0):
 garbage-first heap   total 63488K, used 40705K [0x00000000c2c00000, 0x0000000100000000)
  region size 1024K, 2 young (2048K), 2 survivors (2048K)
 Metaspace       used 17914K, committed 18176K, reserved 1114112K
  class space    used 1992K, committed 2112K, reserved 1048576K
}
Event: 44.887 GC heap before
{Heap before GC invocations=18 (full 0):
 garbage-first heap   total 71680K, used 49921K [0x00000000c2c00000, 0x0000000100000000)
  region size 1024K, 11 young (11264K), 2 survivors (2048K)
 Metaspace       used 17928K, committed 18176K, reserved 1114112K
  class space    used 1992K, committed 2112K, reserved 1048576K
}
Event: 44.896 GC heap after
{Heap after GC invocations=19 (full 0):
 garbage-first heap   total 71680K, used 42590K [0x00000000c2c00000, 0x0000000100000000)
  region size 1024K, 2 young (2048K), 2 survivors (2048K)
 Metaspace       used 17928K, committed 18176K, reserved 1114112K
  class space    used 1992K, committed 2112K, reserved 1048576K
}
Event: 44.938 GC heap before
{Heap before GC invocations=19 (full 0):
 garbage-first heap   total 71680K, used 43614K [0x00000000c2c00000, 0x0000000100000000)
  region size 1024K, 3 young (3072K), 2 survivors (2048K)
 Metaspace       used 17929K, committed 18176K, reserved 1114112K
  class space    used 1992K, committed 2112K, reserved 1048576K
}
Event: 44.943 GC heap after
{Heap after GC invocations=20 (full 0):
 garbage-first heap   total 71680K, used 42942K [0x00000000c2c00000, 0x0000000100000000)
  region size 1024K, 1 young (1024K), 1 survivors (1024K)
 Metaspace       used 17929K, committed 18176K, reserved 1114112K
  class space    used 1992K, committed 2112K, reserved 1048576K
}
Event: 46.090 GC heap before
{Heap before GC invocations=20 (full 0):
 garbage-first heap   total 71680K, used 54206K [0x00000000c2c00000, 0x0000000100000000)
  region size 1024K, 12 young (12288K), 1 survivors (1024K)
 Metaspace       used 18004K, committed 18240K, reserved 1114112K
  class space    used 1992K, committed 2112K, reserved 1048576K
}
Event: 46.097 GC heap after
{Heap after GC invocations=21 (full 0):
 garbage-first heap   total 71680K, used 45289K [0x00000000c2c00000, 0x0000000100000000)
  region size 1024K, 2 young (2048K), 2 survivors (2048K)
 Metaspace       used 18004K, committed 18240K, reserved 1114112K
  class space    used 1992K, committed 2112K, reserved 1048576K
}
Event: 47.468 GC heap before
{Heap before GC invocations=22 (full 0):
 garbage-first heap   total 86016K, used 55529K [0x00000000c2c00000, 0x0000000100000000)
  region size 1024K, 12 young (12288K), 2 survivors (2048K)
 Metaspace       used 18009K, committed 18240K, reserved 1114112K
  class space    used 1992K, committed 2112K, reserved 1048576K
}
Event: 47.481 GC heap after
{Heap after GC invocations=23 (full 0):
 garbage-first heap   total 86016K, used 47323K [0x00000000c2c00000, 0x0000000100000000)
  region size 1024K, 2 young (2048K), 2 survivors (2048K)
 Metaspace       used 18009K, committed 18240K, reserved 1114112K
  class space    used 1992K, committed 2112K, reserved 1048576K
}
Event: 47.487 GC heap before
{Heap before GC invocations=23 (full 0):
 garbage-first heap   total 86016K, used 49371K [0x00000000c2c00000, 0x0000000100000000)
  region size 1024K, 4 young (4096K), 2 survivors (2048K)
 Metaspace       used 18009K, committed 18240K, reserved 1114112K
  class space    used 1992K, committed 2112K, reserved 1048576K
}
Event: 47.500 GC heap after
{Heap after GC invocations=24 (full 0):
 garbage-first heap   total 172032K, used 47937K [0x00000000c2c00000, 0x0000000100000000)
  region size 1024K, 1 young (1024K), 1 survivors (1024K)
 Metaspace       used 18009K, committed 18240K, reserved 1114112K
  class space    used 1992K, committed 2112K, reserved 1048576K
}

