# JRE version: Java(TM) SE Runtime Environment (17.0.12+8) (build 17.0.12+8-LTS-286)
# Java VM: Java HotSpot(TM) 64-Bit Server VM (17.0.12+8-LTS-286, mixed mode, sharing, tiered, compressed oops, compressed class ptrs, g1 gc, windows-amd64)
GC Precious Log:
 CPUs: 2 total, 2 available
 Memory: 3918M
 Large Page Support: Disabled
 NUMA Support: Disabled
 Compressed Oops: Enabled (32-bit)
 Heap Region Size: 1M
 Heap Min Capacity: 8M
 Heap Initial Capacity: 62M
 Heap Max Capacity: 980M
 Pre-touch: Disabled
 Parallel Workers: 2
 Concurrent Workers: 1
 Concurrent Refinement Workers: 2
 Periodic GC: Disabled
Heap:
 garbage-first heap   total 97280K, used 61505K [0x00000000c2c00000, 0x0000000100000000)
  region size 1024K, 2 young (2048K), 2 survivors (2048K)
 Metaspace       used 18163K, committed 18432K, reserved 1114112K
  class space    used 1998K, committed 2112K, reserved 1048576K
GC Heap History (20 events):
Event: 16.172 GC heap after
{Heap after GC invocations=11 (full 0):
 garbage-first heap   total 76800K, used 34526K [0x00000000c2c00000, 0x0000000100000000)
  region size 1024K, 4 young (4096K), 4 survivors (4096K)
 Metaspace       used 17974K, committed 18240K, reserved 1114112K
  class space    used 1993K, committed 2112K, reserved 1048576K
}
Event: 16.530 GC heap before
{Heap before GC invocations=11 (full 0):
 garbage-first heap   total 76800K, used 56030K [0x00000000c2c00000, 0x0000000100000000)
  region size 1024K, 25 young (25600K), 4 survivors (4096K)
 Metaspace       used 17978K, committed 18240K, reserved 1114112K
  class space    used 1993K, committed 2112K, reserved 1048576K
}
Event: 16.544 GC heap after
{Heap after GC invocations=12 (full 0):
 garbage-first heap   total 76800K, used 38778K [0x00000000c2c00000, 0x0000000100000000)
  region size 1024K, 4 young (4096K), 4 survivors (4096K)
 Metaspace       used 17978K, committed 18240K, reserved 1114112K
  class space    used 1993K, committed 2112K, reserved 1048576K
}
Event: 16.947 GC heap before
{Heap before GC invocations=12 (full 0):
 garbage-first heap   total 76800K, used 57210K [0x00000000c2c00000, 0x0000000100000000)
  region size 1024K, 22 young (22528K), 4 survivors (4096K)
 Metaspace       used 18009K, committed 18240K, reserved 1114112K
  class space    used 1994K, committed 2112K, reserved 1048576K
}
Event: 16.961 GC heap after
{Heap after GC invocations=13 (full 0):
 garbage-first heap   total 76800K, used 41984K [0x00000000c2c00000, 0x0000000100000000)
  region size 1024K, 3 young (3072K), 3 survivors (3072K)
 Metaspace       used 18009K, committed 18240K, reserved 1114112K
  class space    used 1994K, committed 2112K, reserved 1048576K
}
Event: 17.764 GC heap before
{Heap before GC invocations=14 (full 0):
 garbage-first heap   total 76800K, used 58368K [0x00000000c2c00000, 0x0000000100000000)
  region size 1024K, 19 young (19456K), 3 survivors (3072K)
 Metaspace       used 18038K, committed 18304K, reserved 1114112K
  class space    used 1994K, committed 2112K, reserved 1048576K
}
Event: 17.776 GC heap after
{Heap after GC invocations=15 (full 0):
 garbage-first heap   total 76800K, used 45446K [0x00000000c2c00000, 0x0000000100000000)
  region size 1024K, 3 young (3072K), 3 survivors (3072K)
 Metaspace       used 18038K, committed 18304K, reserved 1114112K
  class space    used 1994K, committed 2112K, reserved 1048576K
}
Event: 18.024 GC heap before
{Heap before GC invocations=15 (full 0):
 garbage-first heap   total 76800K, used 58758K [0x00000000c2c00000, 0x0000000100000000)
  region size 1024K, 16 young (16384K), 3 survivors (3072K)
 Metaspace       used 18069K, committed 18304K, reserved 1114112K
  class space    used 1994K, committed 2112K, reserved 1048576K
}
Event: 18.034 GC heap after
{Heap after GC invocations=16 (full 0):
 garbage-first heap   total 92160K, used 48482K [0x00000000c2c00000, 0x0000000100000000)
  region size 1024K, 2 young (2048K), 2 survivors (2048K)
 Metaspace       used 18069K, committed 18304K, reserved 1114112K
  class space    used 1994K, committed 2112K, reserved 1048576K
}
Event: 18.709 GC heap before
{Heap before GC invocations=17 (full 0):
 garbage-first heap   total 92160K, used 68962K [0x00000000c2c00000, 0x0000000100000000)
  region size 1024K, 22 young (22528K), 2 survivors (2048K)
 Metaspace       used 18085K, committed 18304K, reserved 1114112K
  class space    used 1994K, committed 2112K, reserved 1048576K
}
Event: 18.722 GC heap after
{Heap after GC invocations=18 (full 0):
 garbage-first heap   total 92160K, used 53248K [0x00000000c2c00000, 0x0000000100000000)
  region size 1024K, 3 young (3072K), 3 survivors (3072K)
 Metaspace       used 18085K, committed 18304K, reserved 1114112K
  class space    used 1994K, committed 2112K, reserved 1048576K
}
Event: 18.848 GC heap before
{Heap before GC invocations=18 (full 0):
 garbage-first heap   total 92160K, used 54272K [0x00000000c2c00000, 0x0000000100000000)
  region size 1024K, 4 young (4096K), 3 survivors (3072K)
 Metaspace       used 18085K, committed 18304K, reserved 1114112K
  class space    used 1994K, committed 2112K, reserved 1048576K
}
Event: 18.857 GC heap after
{Heap after GC invocations=19 (full 0):
 garbage-first heap   total 92160K, used 53508K [0x00000000c2c00000, 0x0000000100000000)
  region size 1024K, 1 young (1024K), 1 survivors (1024K)
 Metaspace       used 18085K, committed 18304K, reserved 1114112K
  class space    used 1994K, committed 2112K, reserved 1048576K
}
Event: 19.307 GC heap before
{Heap before GC invocations=19 (full 0):
 garbage-first heap   total 92160K, used 69892K [0x00000000c2c00000, 0x0000000100000000)
  region size 1024K, 17 young (17408K), 1 survivors (1024K)
 Metaspace       used 18091K, committed 18368K, reserved 1114112K
  class space    used 1994K, committed 2112K, reserved 1048576K
}
Event: 19.316 GC heap after
{Heap after GC invocations=20 (full 0):
 garbage-first heap   total 92160K, used 57325K [0x00000000c2c00000, 0x0000000100000000)
  region size 1024K, 3 young (3072K), 3 survivors (3072K)
 Metaspace       used 18091K, committed 18368K, reserved 1114112K
  class space    used 1994K, committed 2112K, reserved 1048576K
}
Event: 20.221 GC heap before
{Heap before GC invocations=21 (full 0):
 garbage-first heap   total 97280K, used 71661K [0x00000000c2c00000, 0x0000000100000000)
  region size 1024K, 17 young (17408K), 3 survivors (3072K)
 Metaspace       used 18097K, committed 18368K, reserved 1114112K
  class space    used 1994K, committed 2112K, reserved 1048576K
}
Event: 20.232 GC heap after
{Heap after GC invocations=22 (full 0):
 garbage-first heap   total 97280K, used 60358K [0x00000000c2c00000, 0x0000000100000000)
  region size 1024K, 3 young (3072K), 3 survivors (3072K)
 Metaspace       used 18097K, committed 18368K, reserved 1114112K
  class space    used 1994K, committed 2112K, reserved 1048576K
}
Event: 20.243 GC heap before
{Heap before GC invocations=22 (full 0):
 garbage-first heap   total 97280K, used 61382K [0x00000000c2c00000, 0x0000000100000000)
  region size 1024K, 4 young (4096K), 3 survivors (3072K)
 Metaspace       used 18097K, committed 18368K, reserved 1114112K
  class space    used 1994K, committed 2112K, reserved 1048576K
}
Event: 20.249 GC heap after
{Heap after GC invocations=23 (full 0):
 garbage-first heap   total 97280K, used 60220K [0x00000000c2c00000, 0x0000000100000000)
  region size 1024K, 1 young (1024K), 1 survivors (1024K)
 Metaspace       used 18097K, committed 18368K, reserved 1114112K
  class space    used 1994K, committed 2112K, reserved 1048576K
}
Event: 22.172 GC heap before
{Heap before GC invocations=23 (full 0):
 garbage-first heap   total 97280K, used 74556K [0x00000000c2c00000, 0x0000000100000000)
  region size 1024K, 15 young (15360K), 1 survivors (1024K)
 Metaspace       used 18163K, committed 18432K, reserved 1114112K
  class space    used 1998K, committed 2112K, reserved 1048576K
}

